{"message":"   error","level":"error"}
{"message":"   error","level":"error"}
{"message":"   error","level":"error"}
{"message":"   error","level":"error"}
{"message":"   error","level":"error"}
{"message":"   error","level":"error"}
{"message":"   error","level":"error"}
{"message":"   error","level":"error"}
{"message":"   error","level":"error"}
{"message":"   error","level":"error"}
{"message":"   error","level":"error"}
{"message":"   error","level":"error"}
{"code":"ERR_INVALID_ARG_TYPE","level":"error","message":"undefined"}
{"level":"error","message":"undefined"}
{"level":"error","message":"undefined"}
{"level":"error","message":"undefined"}
{"level":"error","message":"undefined"}
{"level":"error","message":"undefined"}
{"message":"   {}","level":"error"}
{"level":"error","message":"undefined"}
{"level":"error","message":"undefined"}
{"message":"   Error","level":"error"}
{"level":"error","message":"undefined"}
{"level":"error","message":"undefined"}
